0 info it worked if it ends with ok
1 verbose cli [ '/usr/local/bin/node',
1 verbose cli   '/usr/local/lib/node_modules/npm/bin/npm-cli.js',
1 verbose cli   'run-script',
1 verbose cli   'start' ]
2 info using npm@2.14.7
3 info using node@v4.2.2
4 verbose run-script [ 'prestart', 'start', 'poststart' ]
5 info prestart severn-trent-mobile-seed@1.1.1
6 info start severn-trent-mobile-seed@1.1.1
7 verbose unsafe-perm in lifecycle true
8 info severn-trent-mobile-seed@1.1.1 Failed to exec start script
9 verbose stack Error: severn-trent-mobile-seed@1.1.1 start: `env UV_THREADPOOL_SIZE=100 webpack --progress --colors --watch`
9 verbose stack spawn ENOENT
9 verbose stack     at ChildProcess.<anonymous> (/usr/local/lib/node_modules/npm/lib/utils/spawn.js:17:16)
9 verbose stack     at emitTwo (events.js:87:13)
9 verbose stack     at ChildProcess.emit (events.js:172:7)
9 verbose stack     at maybeClose (internal/child_process.js:818:16)
9 verbose stack     at Process.ChildProcess._handle.onexit (internal/child_process.js:211:5)
10 verbose pkgid severn-trent-mobile-seed@1.1.1
11 verbose cwd /Users/matthewhill/Development/customer-data
12 error Darwin 15.3.0
13 error argv "/usr/local/bin/node" "/usr/local/lib/node_modules/npm/bin/npm-cli.js" "run-script" "start"
14 error node v4.2.2
15 error npm  v2.14.7
16 error file sh
17 error code ELIFECYCLE
18 error errno ENOENT
19 error syscall spawn
20 error severn-trent-mobile-seed@1.1.1 start: `env UV_THREADPOOL_SIZE=100 webpack --progress --colors --watch`
20 error spawn ENOENT
21 error Failed at the severn-trent-mobile-seed@1.1.1 start script 'env UV_THREADPOOL_SIZE=100 webpack --progress --colors --watch'.
21 error This is most likely a problem with the severn-trent-mobile-seed package,
21 error not with npm itself.
21 error Tell the author that this fails on your system:
21 error     env UV_THREADPOOL_SIZE=100 webpack --progress --colors --watch
21 error You can get their info via:
21 error     npm owner ls severn-trent-mobile-seed
21 error There is likely additional logging output above.
22 verbose exit [ 1, true ]
